2021-07-03 19:16:10 [32minfo[39m [signup_dataprovider.js] Create Account in DB[Name: Diego Arevalo, Domain: diego.com] 
2021-07-03 19:16:10 [32minfo[39m [signup_dataprovider.js] Create Tenant for Account[ID: 1] 
2021-07-03 19:16:10 [32minfo[39m [signup_dataprovider.js] Create Database for Tenant[Name: tenant_1] 
2021-07-03 19:16:11 [32minfo[39m [signup_dataprovider.js] Run Migrations on Tenant Database[Name: tenant_1] 
2021-07-03 19:16:12 [32minfo[39m [signup_dataprovider.js] Add User to Tenant DB[Email: diego@alphabet.com] 
2021-07-03 19:16:33 [32minfo[39m [signup_dataprovider.js] Create Account in DB[Name: Diego Arevalo, Domain: diego.com] 
2021-07-03 19:16:39 [32minfo[39m [signup_dataprovider.js] Create Account in DB[Name: Diego Arevalo, Domain: diego.com] 
2021-07-03 19:16:45 [32minfo[39m [signup_dataprovider.js] Create Account in DB[Name: Diego Arevalo, Domain: diego.com] 
2021-07-03 19:16:54 [32minfo[39m [signup_dataprovider.js] Create Account in DB[Name: Diego Arevalo, Domain: diego1.com] 
2021-07-03 19:17:02 [32minfo[39m [signup_dataprovider.js] Create Account in DB[Name: Diego Arevalo1, Domain: diego1.com] 
2021-07-03 19:17:02 [32minfo[39m [signup_dataprovider.js] Create Tenant for Account[ID: 6] 
2021-07-03 19:17:02 [32minfo[39m [signup_dataprovider.js] Create Database for Tenant[Name: tenant_6] 
2021-07-03 19:17:03 [32minfo[39m [signup_dataprovider.js] Run Migrations on Tenant Database[Name: tenant_6] 
2021-07-03 19:17:03 [32minfo[39m [signup_dataprovider.js] Add User to Tenant DB[Email: dieg1o@alphabet.com] 
2021-07-03 19:37:43 [32minfo[39m [signup_dataprovider.js] Create Account in DB[Name: Alphabet, Domain: alphabet.com] 
2021-07-03 19:37:43 [32minfo[39m [signup_dataprovider.js] Create Tenant for Account[ID: 7] 
2021-07-03 19:37:43 [32minfo[39m [signup_dataprovider.js] Create Database for Tenant[Name: tenant_7] 
2021-07-03 19:37:44 [32minfo[39m [signup_dataprovider.js] Run Migrations on Tenant Database[Name: tenant_7] 
2021-07-03 19:37:45 [32minfo[39m [signup_dataprovider.js] Add User to Tenant DB[Email: johndoe@alphabet.com] 
2021-07-03 20:12:53 [32minfo[39m [signup_dataprovider.js] Create Account in DB[Name: Alphabet, Domain: alphabet.com] 
2021-07-03 20:12:53 [32minfo[39m [signup_dataprovider.js] Create Tenant for Account[ID: 1] 
2021-07-03 20:12:53 [32minfo[39m [signup_dataprovider.js] Create Database for Tenant[Name: tenant_1] 
2021-07-03 20:12:53 [32minfo[39m [signup_dataprovider.js] Run Migrations on Tenant Database[Name: tenant_1] 
2021-07-03 20:12:54 [32minfo[39m [signup_dataprovider.js] Add User to Tenant DB[Email: johndoe@alphabet.com] 
2021-07-04 08:52:10 [32minfo[39m [signup_dataprovider.js] Create Account in DB[Name: Diego Arevalo1, Domain: diego1.com] 
2021-07-04 08:52:10 [32minfo[39m [signup_dataprovider.js] Create Tenant for Account[ID: 1] 
2021-07-04 08:52:10 [32minfo[39m [signup_dataprovider.js] Create Database for Tenant[Name: tenant_1] 
2021-07-04 08:52:11 [32minfo[39m [signup_dataprovider.js] Run Migrations on Tenant Database[Name: tenant_1] 
2021-07-04 08:52:11 [32minfo[39m [signup_dataprovider.js] Add User to Tenant DB[Email: dieg1o@alphabet.com] 
2021-07-04 08:53:18 [32minfo[39m [signup_dataprovider.js] Create Account in DB[Name: Alphabet, Domain: alphabet.com] 
2021-07-04 08:53:18 [32minfo[39m [signup_dataprovider.js] Create Tenant for Account[ID: 2] 
2021-07-04 08:53:18 [32minfo[39m [signup_dataprovider.js] Create Database for Tenant[Name: tenant_2] 
2021-07-04 08:53:18 [32minfo[39m [signup_dataprovider.js] Run Migrations on Tenant Database[Name: tenant_2] 
2021-07-04 08:53:19 [32minfo[39m [signup_dataprovider.js] Add User to Tenant DB[Email: johndoe@alphabet.com] 
2021-07-04 09:06:53 [32minfo[39m [signup_dataprovider.js] Create Account in DB[Name: Alphabet1, Domain: alphabet.com] 
2021-07-04 09:07:02 [32minfo[39m [signup_dataprovider.js] Create Account in DB[Name: Alphabet1, Domain: alphabet1.com] 
2021-07-04 09:07:02 [32minfo[39m [signup_dataprovider.js] Create Tenant for Account[ID: 4] 
2021-07-04 09:07:02 [32minfo[39m [signup_dataprovider.js] Create Database for Tenant[Name: tenant_4] 
2021-07-04 09:07:03 [32minfo[39m [signup_dataprovider.js] Run Migrations on Tenant Database[Name: tenant_4] 
2021-07-04 09:07:03 [32minfo[39m [signup_dataprovider.js] Add User to Tenant DB[Email: johndoe01@alphabet.com] 
2021-07-04 19:57:26 [32minfo[39m [signup_dataprovider.js] Create Account in DB[Name: Alphabet1, Domain: alphabet1.com] 
2021-07-04 19:57:26 [32minfo[39m [signup_dataprovider.js] Add User to Tenant DB[Email: johndoe01@alphabet.com] 
2021-07-04 20:00:56 [32minfo[39m [signup_dataprovider.js] Create Account in DB[Name: Alphabet1, Domain: alphabet1.com] 
2021-07-04 20:00:56 [32minfo[39m [signup_dataprovider.js] Add User to Tenant DB[Email: johndoe01@alphabet.com] 
2021-07-04 20:03:18 [32minfo[39m [signup_dataprovider.js] Create Account in DB[Name: Alphabet1, Domain: alphabet1.com] 
2021-07-04 20:03:18 [32minfo[39m [signup_dataprovider.js] Add User to Tenant DB[Email: johndoe01@alphabet.com] 
2021-07-04 20:05:02 [32minfo[39m [signup_service.js] Add User to Tenant DB[Email: johndoe01@alphabet.com] 
2021-07-04 20:10:04 [32minfo[39m [signup_service.js] Add User to Tenant DB[Email: johndoe01@alphabet.com] 
2021-07-04 20:10:44 [32minfo[39m [signup_service.js] Add User to Tenant DB[Email: johndoe01@alphabet.com] 
2021-07-04 20:11:19 [32minfo[39m [signup_service.js] Add User to Tenant DB[Email: johndoe01@alphabet.com] 
2021-07-04 20:17:26 [32minfo[39m [signup_service.js] Add User to Tenant DB[Email: johndoe31@alphabet.com] 
2021-07-04 20:19:24 [32minfo[39m [signup_service.js] Add User to Tenant DB[Email: johndoe32@alphabet.com] 
2021-07-04 20:32:54 [32minfo[39m [signup_service.js] Add User to Tenant DB[Email: johndoe32@alphabet.com] 
